Failed to process hotel. Hotel parsed name: The Times Square EDITION
Failed to process hotel. Hotel parsed name: Gansevoort Meatpacking
Failed to process hotel. Hotel parsed name: The Greenwich Hotel
Failed to process hotel. Hotel parsed name: Park Lane New York
Failed to process hotel. Hotel parsed name: The St. Regis New York
Failed to process hotel. Hotel parsed name: Canyon Ranch Tucson
Failed to process hotel. Hotel parsed name: Four Seasons Hotel San Francisco at Embarcadero
Failed to process hotel. Hotel parsed name: San Francisco Proper
Failed to process hotel. Hotel parsed name: Fairmont San Francisco
Failed to process hotel. Hotel parsed name: Canyon Ranch Woodside
Failed to process hotel. Hotel parsed name: L'Ermitage Beverly Hills
Failed to process hotel. Hotel parsed name: W Hollywood
Failed to process hotel. Hotel parsed name: Hotel June West LA
Failed to process hotel. Hotel parsed name: Pendry San Diego
Failed to process hotel. Hotel parsed name: Four Seasons Resort and Residences Napa Valley
Failed to process hotel. Hotel parsed name: Hotel Yountville
Failed to process hotel. Hotel parsed name: The Estate Yountville
Failed to process hotel. Hotel parsed name: Hyatt Carmel Highlands
Failed to process hotel. Hotel parsed name: Carmel Valley Ranch
Failed to process hotel. Hotel parsed name: Ingleside Estate
Failed to process hotel. Hotel parsed name: Parker Palm Springs
Failed to process hotel. Hotel parsed name: Hotel Californian
Failed to process hotel. Hotel parsed name: San Ysidro Ranch
Failed to process hotel. Hotel parsed name: Hotel Infante Sagres
Failed to process hotel. Hotel parsed name: Pendry Newport Beach
Failed to process hotel. Hotel parsed name: Thompson Houston
Failed to process hotel. Hotel parsed name: Dunton Hot Springs
Failed to process hotel. Hotel parsed name: Elounda Mare Hotel
Failed to process hotel. Hotel parsed name: Gateway Canyons Resort &amp; Spa
Failed to process hotel. Hotel parsed name: The Sky Residences at W Aspen
Failed to process hotel. Hotel parsed name: W Aspen
Failed to process hotel. Hotel parsed name: Riggs Washington DC
Failed to process hotel. Hotel parsed name: Sagamore Pendry Baltimore
Failed to process hotel. Hotel parsed name: Fairmont Washington, D.C.
Failed to process hotel. Hotel parsed name: Salamander Middleburg
Failed to process hotel. Hotel parsed name: Eden Roc Miami Beach
Failed to process hotel. Hotel parsed name: Faena Miami Beach
Failed to process hotel. Hotel parsed name: Nobu Hotel Miami Beach
Failed to process hotel. Hotel parsed name: Cloister at The Boca Raton
Failed to process hotel. Hotel parsed name: Tower at The Boca Raton
Failed to process hotel. Hotel parsed name: Fontainebleau Miami Beach
Failed to process hotel. Hotel parsed name: EAST Miami
Failed to process hotel. Hotel parsed name: Yacht Club at The Boca Raton
Failed to process hotel. Hotel parsed name: The Breakers
Failed to process hotel. Hotel parsed name: Little Palm Island Resort &amp; Spa
Failed to process hotel. Hotel parsed name: Marquesa Key West
Failed to process hotel. Hotel parsed name: J.K.Place Capri
Failed to process hotel. Hotel parsed name: Monastero Santa Rosa Hotel &amp; Spa
Failed to process hotel. Hotel parsed name: Jekyll Ocean Club Resort
Failed to process hotel. Hotel parsed name: Thompson Savannah
Failed to process hotel. Hotel parsed name: 1 Hotel Hanalei Bay
Failed to process hotel. Hotel parsed name: The Ritz-Carlton Residences
Failed to process hotel. Hotel parsed name: Hayfield Manor
Failed to process hotel. Hotel parsed name: Killarney Park Hotel
Failed to process hotel. Hotel parsed name: Battery Wharf Hotel – Boston Waterfront
Failed to process hotel. Hotel parsed name: W Seattle
Failed to process hotel. Hotel parsed name: Canyon Ranch Lenox
Failed to process hotel. Hotel parsed name: 1 Hotel Toronto
Failed to process hotel. Hotel parsed name: W Austin
Failed to process hotel. Hotel parsed name: Rosewood Mansion on Turtle Creek
Failed to process hotel. Hotel parsed name: Amangiri
Failed to process hotel. Hotel parsed name: The Equinox Golf Resort &amp; Spa
Failed to process hotel. Hotel parsed name: Trump Turnberry
Failed to process hotel. Hotel parsed name: Teton Mountain Lodge &amp; Spa
Failed to process hotel. Hotel parsed name: The Cloudveil
Failed to process hotel. Hotel parsed name: Brush Creek Ranch
Failed to process hotel. Hotel parsed name: Four Seasons Resort and Residences Whistler
Failed to process hotel. Hotel parsed name: Vogue Hotel Montreal Downtown
Failed to process hotel. Hotel parsed name: Warwick Le Crystal – Montréal
Failed to process hotel. Hotel parsed name: The Cove at Atlantis
Failed to process hotel. Hotel parsed name: Montage Los Cabos
Failed to process hotel. Hotel parsed name: One&amp;Only Palmilla
Failed to process hotel. Hotel parsed name: Thompson Zihuatanejo
Failed to process hotel. Hotel parsed name: Los Altos Resort
Failed to process hotel. Hotel parsed name: Mondrian Mexico City Condesa
Failed to process hotel. Hotel parsed name: The St. Regis Mexico City
Failed to process hotel. Hotel parsed name: W Punta de Mita
Failed to process hotel. Hotel parsed name: Naviva, A Four Seasons Resort, Punta Mita
Failed to process hotel. Hotel parsed name: The Riviera Maya EDITION at Kanai
Failed to process hotel. Hotel parsed name: Be Tulum
Failed to process hotel. Hotel parsed name: Itz’ana Resort &amp; Residences
Failed to process hotel. Hotel parsed name: Chablé Yucatán
Failed to process hotel. Hotel parsed name: Jumby Bay Island
Failed to process hotel. Hotel parsed name: Curtain Bluff
Failed to process hotel. Hotel parsed name: Hamilton Princess &amp; Beach Club
Failed to process hotel. Hotel parsed name: Maslina Resort
Failed to process hotel. Hotel parsed name: Hyatt Regency Grand Reserve Puerto Rico
Failed to process hotel. Hotel parsed name: Le Sereno St. Barths
Failed to process hotel. Hotel parsed name: Hotel Barriere Le Carl Gustaf
Failed to process hotel. Hotel parsed name: Park Hyatt St. Kitts
Failed to process hotel. Hotel parsed name: Hermitage Hotel &amp; Spa
Failed to process hotel. Hotel parsed name: SLS Baha Mar
Failed to process hotel. Hotel parsed name: Grace Bay Club
Failed to process hotel. Hotel parsed name: Rock House
Failed to process hotel. Hotel parsed name: The Palms Turks and Caicos
Failed to process hotel. Hotel parsed name: The Shore Club Turks and Caicos
Failed to process hotel. Hotel parsed name: Wymara Resort and Villas
Failed to process hotel. Hotel parsed name: Ambergris Cay All Inclusive
Failed to process hotel. Hotel parsed name: Andaz Costa Rica Resort at Peninsula Papagayo
Failed to process hotel. Hotel parsed name: Romazzino, A Belmond Hotel
Failed to process hotel. Hotel parsed name: Nayara Springs
Failed to process hotel. Hotel parsed name: Tabacon Thermal Resort &amp; Spa
Failed to process hotel. Hotel parsed name: El Silencio Lodge &amp; Spa
Failed to process hotel. Hotel parsed name: Four Seasons Hotel Buenos Aires
Failed to process hotel. Hotel parsed name: Sofitel Buenos Aires Recoleta
Failed to process hotel. Hotel parsed name: Amanera
Failed to process hotel. Hotel parsed name: Sofitel Baru Calablanca Beach Resort
Failed to process hotel. Hotel parsed name: Hotel Las Islas
Failed to process hotel. Hotel parsed name: Rocco Forte Private Villas
Failed to process hotel. Hotel parsed name: SO/ Vienna
Failed to process hotel. Hotel parsed name: Baglioni Hotel Luna
Failed to process hotel. Hotel parsed name: San Clemente Palace Kempinski
Failed to process hotel. Hotel parsed name: Vista Palazzo Verona
Failed to process hotel. Hotel parsed name: Aman Venice
Failed to process hotel. Hotel parsed name: Radisson Collection Palazzo Nani
Failed to process hotel. Hotel parsed name: Hotel Nantipa
Failed to process hotel. Hotel parsed name: J.K. Place Paris
Failed to process hotel. Hotel parsed name: Pavillon Faubourg Saint-Germain
Failed to process hotel. Hotel parsed name: Cheval Blanc Paris
Failed to process hotel. Hotel parsed name: Carlton Cannes
Failed to process hotel. Hotel parsed name: Château Saint-Martin &amp; Spa
Failed to process hotel. Hotel parsed name: Grand Hotel du Cap-Ferrat – A Four Seasons Hotel
Failed to process hotel. Hotel parsed name: Royal Champagne Hotel &amp; Spa
Failed to process hotel. Hotel parsed name: Canaves Oia Epitome
Failed to process hotel. Hotel parsed name: Canaves Oia Suites
Failed to process hotel. Hotel parsed name: Katikies Santorini
Failed to process hotel. Hotel parsed name: Santo Pure Oia Suites &amp; Villas
Failed to process hotel. Hotel parsed name: Katikies Garden Santorini
Failed to process hotel. Hotel parsed name: Katikies Kirini
Failed to process hotel. Hotel parsed name: Minois Hotel
Failed to process hotel. Hotel parsed name: Myconian Villa Collection
Failed to process hotel. Hotel parsed name: Mykonos Blu Boutique Resort
Failed to process hotel. Hotel parsed name: Kivotos Mykonos
Failed to process hotel. Hotel parsed name: Mykonos Riviera Hotel &amp; Spa
Failed to process hotel. Hotel parsed name: Santa Marina, a Luxury Collection Resort
Failed to process hotel. Hotel parsed name: Bill &amp; Coo Mykonos
Failed to process hotel. Hotel parsed name: Myconian Utopia Resort
Failed to process hotel. Hotel parsed name: Mykonos Grand Hotel &amp; Resort
Failed to process hotel. Hotel parsed name: Caramel
Failed to process hotel. Hotel parsed name: The Merrion Hotel
Failed to process hotel. Hotel parsed name: The K Club
Failed to process hotel. Hotel parsed name: Grand Hotel Victoria concept &amp; spa
Failed to process hotel. Hotel parsed name: Il Sereno Lake Como
Failed to process hotel. Hotel parsed name: Vista Palazzo Lago di Como
Failed to process hotel. Hotel parsed name: Rosa Grand Milano – Starhotels Collezione
Failed to process hotel. Hotel parsed name: Il Borro
Failed to process hotel. Hotel parsed name: Baglioni Masseria Muzza
Failed to process hotel. Hotel parsed name: Borgo Egnazia
Failed to process hotel. Hotel parsed name: COMO Castello Del Nero
Failed to process hotel. Hotel parsed name: Helvetia &amp; Bristol
Failed to process hotel. Hotel parsed name: Borgo Pignano
Failed to process hotel. Hotel parsed name: Relais Santa Croce By Baglioni Hotels
Failed to process hotel. Hotel parsed name: Sina Villa Medici
Failed to process hotel. Hotel parsed name: Pieve Aldina
Failed to process hotel. Hotel parsed name: Hotel Terme di Saturnia – Natural Destination
Failed to process hotel. Hotel parsed name: Gardena Grodnerhof Hotel &amp; Spa
Failed to process hotel. Hotel parsed name: Grand Hotel Savoia by Radisson Collection
Failed to process hotel. Hotel parsed name: San Domenico Palace, Taormina
Failed to process hotel. Hotel parsed name: Splendido Mare, A Belmond Hotel
Failed to process hotel. Hotel parsed name: Splendido, A Belmond Hotel
Failed to process hotel. Hotel parsed name: Fairmont Monte Carlo
Failed to process hotel. Hotel parsed name: Pulitzer Amsterdam
Failed to process hotel. Hotel parsed name: VILA VITA Parc Resort &amp; Spa
Failed to process hotel. Hotel parsed name: Kimpton Charlotte Square
Failed to process hotel. Hotel parsed name: The Standard
Failed to process hotel. Hotel parsed name: Kimpton Vividora Barcelona
Failed to process hotel. Hotel parsed name: Hotel Claris and SPA
Failed to process hotel. Hotel parsed name: Hotel Arts Barcelona
Failed to process hotel. Hotel parsed name: The One Barcelona
Failed to process hotel. Hotel parsed name: Four Seasons Resort Costa Rica at Peninsula Papagayo
Failed to process hotel. Hotel parsed name: Gran Melia Palacio de Isora
Failed to process hotel. Hotel parsed name: Urso Hotel &amp; Spa
Failed to process hotel. Hotel parsed name: Finca Cortesin Hotel Golf &amp; Spa
Failed to process hotel. Hotel parsed name: SO Sotogrande Resort
Failed to process hotel. Hotel parsed name: Kimpton Aysla Mallorca
Failed to process hotel. Hotel parsed name: La Residencia, A Belmond Hotel
Failed to process hotel. Hotel parsed name: Grand Hotel Des Bains Kempinski St. Moritz
Failed to process hotel. Hotel parsed name: Four Seasons Hotel des Bergues Geneva
Failed to process hotel. Hotel parsed name: Beau-Rivage Geneve
Failed to process hotel. Hotel parsed name: Hotel Métropole Geneva
Failed to process hotel. Hotel parsed name: Ariana Sustainable Luxury Lodge
Failed to process hotel. Hotel parsed name: Sequoia
Failed to process hotel. Hotel parsed name: The David Citadel Jerusalem
Failed to process hotel. Hotel parsed name: Fairmont La Marina Rabat Sale
Failed to process hotel. Hotel parsed name: Habitas Alula
Failed to process hotel. Hotel parsed name: One&amp;Only The Palm
Failed to process hotel. Hotel parsed name: ME Dubai
Failed to process hotel. Hotel parsed name: One&amp;Only Royal Mirage
Failed to process hotel. Hotel parsed name: SO/ Uptown Dubai
Failed to process hotel. Hotel parsed name: Four Seasons Resort Dubai at Jumeirah Beach
Failed to process hotel. Hotel parsed name: Anantara Maia Seychelles Villas
Failed to process hotel. Hotel parsed name: The Silo
Failed to process hotel. Hotel parsed name: Mount Nelson, A Belmond Hotel
Failed to process hotel. Hotel parsed name: Mont Rochelle Hotel &amp; Vineyard
Failed to process hotel. Hotel parsed name: Saxon Hotel
Failed to process hotel. Hotel parsed name: Meliá Serengeti Lodge
Failed to process hotel. Hotel parsed name: InterContinental Ras Al Khaimah Mina Al Arab Resort &amp; Spa
Failed to process hotel. Hotel parsed name: Nanuku Resort
Failed to process hotel. Hotel parsed name: Six Senses Fiji
Failed to process hotel. Hotel parsed name: Hilton Moorea Lagoon Resort &amp; Spa
Failed to process hotel. Hotel parsed name: The Brando
Failed to process hotel. Hotel parsed name: W Osaka
Failed to process hotel. Hotel parsed name: Taj Exotica Resort &amp; Spa
Failed to process hotel. Hotel parsed name: COMO Cocoa Island
Failed to process hotel. Hotel parsed name: Four Seasons Resort Maldives at Kuda Huraa
Failed to process hotel. Hotel parsed name: Amanpulo
Failed to process hotel. Hotel parsed name: Raffles Singapore
Failed to process hotel. Hotel parsed name: Banyan Tree Lang Co
Failed to process hotel. Hotel parsed name: Four Seasons Resort The Nam Hai- Hoi An- Vietnam
Failed to process hotel. Hotel parsed name: Amanoi
